  Source.c
c:\users\martoxd\desktop\ax2\ax2\ax\source.c(14): warning C4566: character represented by universal-character-name '\u0412' cannot be represented in the current code page (1252)
c:\users\martoxd\desktop\ax2\ax2\ax\source.c(14): warning C4566: character represented by universal-character-name '\u044A' cannot be represented in the current code page (1252)
c:\users\martoxd\desktop\ax2\ax2\ax\source.c(14): warning C4566: character represented by universal-character-name '\u0432' cannot be represented in the current code page (1252)
c:\users\martoxd\desktop\ax2\ax2\ax\source.c(14): warning C4566: character represented by universal-character-name '\u0435' cannot be represented in the current code page (1252)
c:\users\martoxd\desktop\ax2\ax2\ax\source.c(14): warning C4566: character represented by universal-character-name '\u0434' cannot be represented in the current code page (1252)
c:\users\martoxd\desktop\ax2\ax2\ax\source.c(14): warning C4566: character represented by universal-character-name '\u0438' cannot be represented in the current code page (1252)
c:\users\martoxd\desktop\ax2\ax2\ax\source.c(14): warning C4566: character represented by universal-character-name '\u043A' cannot be represented in the current code page (1252)
c:\users\martoxd\desktop\ax2\ax2\ax\source.c(14): warning C4566: character represented by universal-character-name '\u043E' cannot be represented in the current code page (1252)
c:\users\martoxd\desktop\ax2\ax2\ax\source.c(14): warning C4566: character represented by universal-character-name '\u0444' cannot be represented in the current code page (1252)
c:\users\martoxd\desktop\ax2\ax2\ax\source.c(14): warning C4566: character represented by universal-character-name '\u0446' cannot be represented in the current code page (1252)
c:\users\martoxd\desktop\ax2\ax2\ax\source.c(14): warning C4566: character represented by universal-character-name '\u043D' cannot be represented in the current code page (1252)
c:\users\martoxd\desktop\ax2\ax2\ax\source.c(14): warning C4566: character represented by universal-character-name '\u0442' cannot be represented in the current code page (1252)
c:\users\martoxd\desktop\ax2\ax2\ax\source.c(15): warning C4566: character represented by universal-character-name '\u0412' cannot be represented in the current code page (1252)
c:\users\martoxd\desktop\ax2\ax2\ax\source.c(15): warning C4566: character represented by universal-character-name '\u044A' cannot be represented in the current code page (1252)
c:\users\martoxd\desktop\ax2\ax2\ax\source.c(15): warning C4566: character represented by universal-character-name '\u0432' cannot be represented in the current code page (1252)
c:\users\martoxd\desktop\ax2\ax2\ax\source.c(15): warning C4566: character represented by universal-character-name '\u0435' cannot be represented in the current code page (1252)
c:\users\martoxd\desktop\ax2\ax2\ax\source.c(15): warning C4566: character represented by universal-character-name '\u0434' cannot be represented in the current code page (1252)
c:\users\martoxd\desktop\ax2\ax2\ax\source.c(15): warning C4566: character represented by universal-character-name '\u0438' cannot be represented in the current code page (1252)
c:\users\martoxd\desktop\ax2\ax2\ax\source.c(16): warning C4566: character represented by universal-character-name '\u0412' cannot be represented in the current code page (1252)
c:\users\martoxd\desktop\ax2\ax2\ax\source.c(16): warning C4566: character represented by universal-character-name '\u044A' cannot be represented in the current code page (1252)
c:\users\martoxd\desktop\ax2\ax2\ax\source.c(16): warning C4566: character represented by universal-character-name '\u0432' cannot be represented in the current code page (1252)
c:\users\martoxd\desktop\ax2\ax2\ax\source.c(16): warning C4566: character represented by universal-character-name '\u0435' cannot be represented in the current code page (1252)
c:\users\martoxd\desktop\ax2\ax2\ax\source.c(16): warning C4566: character represented by universal-character-name '\u0434' cannot be represented in the current code page (1252)
c:\users\martoxd\desktop\ax2\ax2\ax\source.c(16): warning C4566: character represented by universal-character-name '\u0438' cannot be represented in the current code page (1252)
c:\users\martoxd\desktop\ax2\ax2\ax\source.c(17): warning C4566: character represented by universal-character-name '\u0412' cannot be represented in the current code page (1252)
c:\users\martoxd\desktop\ax2\ax2\ax\source.c(17): warning C4566: character represented by universal-character-name '\u044A' cannot be represented in the current code page (1252)
c:\users\martoxd\desktop\ax2\ax2\ax\source.c(17): warning C4566: character represented by universal-character-name '\u0432' cannot be represented in the current code page (1252)
c:\users\martoxd\desktop\ax2\ax2\ax\source.c(17): warning C4566: character represented by universal-character-name '\u0435' cannot be represented in the current code page (1252)
c:\users\martoxd\desktop\ax2\ax2\ax\source.c(17): warning C4566: character represented by universal-character-name '\u0434' cannot be represented in the current code page (1252)
c:\users\martoxd\desktop\ax2\ax2\ax\source.c(17): warning C4566: character represented by universal-character-name '\u0438' cannot be represented in the current code page (1252)
c:\users\martoxd\desktop\ax2\ax2\ax\source.c(21): warning C4566: character represented by universal-character-name '\u0418' cannot be represented in the current code page (1252)
c:\users\martoxd\desktop\ax2\ax2\ax\source.c(21): warning C4566: character represented by universal-character-name '\u0437' cannot be represented in the current code page (1252)
c:\users\martoxd\desktop\ax2\ax2\ax\source.c(21): warning C4566: character represented by universal-character-name '\u0440' cannot be represented in the current code page (1252)
c:\users\martoxd\desktop\ax2\ax2\ax\source.c(21): warning C4566: character represented by universal-character-name '\u043E' cannot be represented in the current code page (1252)
c:\users\martoxd\desktop\ax2\ax2\ax\source.c(21): warning C4566: character represented by universal-character-name '\u0434' cannot be represented in the current code page (1252)
c:\users\martoxd\desktop\ax2\ax2\ax\source.c(21): warning C4566: character represented by universal-character-name '\u0435' cannot be represented in the current code page (1252)
c:\users\martoxd\desktop\ax2\ax2\ax\source.c(21): warning C4566: character represented by universal-character-name '\u043D' cannot be represented in the current code page (1252)
c:\users\martoxd\desktop\ax2\ax2\ax\source.c(21): warning C4566: character represented by universal-character-name '\u0443' cannot be represented in the current code page (1252)
c:\users\martoxd\desktop\ax2\ax2\ax\source.c(21): warning C4566: character represented by universal-character-name '\u0430' cannot be represented in the current code page (1252)
c:\users\martoxd\desktop\ax2\ax2\ax\source.c(21): warning C4566: character represented by universal-character-name '\u0432' cannot be represented in the current code page (1252)
c:\users\martoxd\desktop\ax2\ax2\ax\source.c(21): warning C4566: character represented by universal-character-name '\u0438' cannot be represented in the current code page (1252)
c:\users\martoxd\desktop\ax2\ax2\ax\source.c(42): warning C4244: 'function': conversion from 'float' to 'int', possible loss of data
c:\users\martoxd\desktop\ax2\ax2\ax\source.c(42): warning C4244: '=': conversion from 'double' to 'float', possible loss of data
  ax.vcxproj -> C:\Users\martoXD\Desktop\ax2\ax2\Debug\ax.exe
